<?xml version="1.0" encoding="UTF-8"?>
<testsuite name="demo.ApplicationTests" tests="1" skipped="0" failures="0" errors="0" timestamp="2016-09-29T06:03:19" hostname="Dell-PC" time="0.165">
  <properties/>
  <testcase name="resourceLoads" classname="demo.ApplicationTests" time="0.165"/>
  <system-out><![CDATA[12:03:15.749 [Test worker] DEBUG org.springframework.test.context.junit4.SpringJUnit4ClassRunner - SpringJUnit4ClassRunner constructor called with [class demo.ApplicationTests]
12:03:15.753 [Test worker] DEBUG org.springframework.test.context.BootstrapUtils - Instantiating CacheAwareContextLoaderDelegate from class [org.springframework.test.context.cache.DefaultCacheAwareContextLoaderDelegate]
12:03:15.759 [Test worker] DEBUG org.springframework.test.context.BootstrapUtils - Instantiating BootstrapContext using constructor [public org.springframework.test.context.support.DefaultBootstrapContext(java.lang.Class,org.springframework.test.context.CacheAwareContextLoaderDelegate)]
12:03:15.771 [Test worker] DEBUG org.springframework.test.context.BootstrapUtils - Instantiating TestContextBootstrapper for test class [demo.ApplicationTests] from class [org.springframework.boot.test.context.SpringBootTestContextBootstrapper]
12:03:15.784 [Test worker] INFO org.springframework.boot.test.context.SpringBootTestContextBootstrapper - Neither @ContextConfiguration nor @ContextHierarchy found for test class [demo.ApplicationTests], using SpringBootContextLoader
12:03:15.787 [Test worker] DEBUG org.springframework.test.context.support.AbstractContextLoader - Did not detect default resource location for test class [demo.ApplicationTests]: class path resource [demo/ApplicationTests-context.xml] does not exist
12:03:15.787 [Test worker] DEBUG org.springframework.test.context.support.AbstractContextLoader - Did not detect default resource location for test class [demo.ApplicationTests]: class path resource [demo/ApplicationTestsContext.groovy] does not exist
12:03:15.788 [Test worker] INFO org.springframework.test.context.support.AbstractContextLoader - Could not detect default resource locations for test class [demo.ApplicationTests]: no resource found for suffixes {-context.xml, Context.groovy}.
12:03:15.788 [Test worker] INFO org.springframework.test.context.support.AnnotationConfigContextLoaderUtils - Could not detect default configuration classes for test class [demo.ApplicationTests]: ApplicationTests does not declare any static, non-private, non-final, nested classes annotated with @Configuration.
12:03:15.830 [Test worker] DEBUG org.springframework.test.context.support.ActiveProfilesUtils - Could not find an 'annotation declaring class' for annotation type [org.springframework.test.context.ActiveProfiles] and class [demo.ApplicationTests]
12:03:15.863 [Test worker] DEBUG org.springframework.core.env.StandardEnvironment - Adding [systemProperties] PropertySource with lowest search precedence
12:03:15.864 [Test worker] DEBUG org.springframework.core.env.StandardEnvironment - Adding [systemEnvironment] PropertySource with lowest search precedence
12:03:15.864 [Test worker] DEBUG org.springframework.core.env.StandardEnvironment - Initialized StandardEnvironment with PropertySources [systemProperties,systemEnvironment]
12:03:15.872 [Test worker] DEBUG org.springframework.core.io.support.PathMatchingResourcePatternResolver - Resolved classpath location [demo/] to resources [URL [file:/F:/kona-money/repositories/kona-paypaas/resource/build/classes/test/demo/], URL [file:/F:/kona-money/repositories/kona-paypaas/resource/build/classes/main/demo/]]
12:03:15.872 [Test worker] DEBUG org.springframework.core.io.support.PathMatchingResourcePatternResolver - Looking for matching resources in directory tree [F:\kona-money\repositories\kona-paypaas\resource\build\classes\test\demo]
12:03:15.872 [Test worker] DEBUG org.springframework.core.io.support.PathMatchingResourcePatternResolver - Searching directory [F:\kona-money\repositories\kona-paypaas\resource\build\classes\test\demo] for files matching pattern [F:/kona-money/repositories/kona-paypaas/resource/build/classes/test/demo/*.class]
12:03:15.875 [Test worker] DEBUG org.springframework.core.io.support.PathMatchingResourcePatternResolver - Looking for matching resources in directory tree [F:\kona-money\repositories\kona-paypaas\resource\build\classes\main\demo]
12:03:15.875 [Test worker] DEBUG org.springframework.core.io.support.PathMatchingResourcePatternResolver - Searching directory [F:\kona-money\repositories\kona-paypaas\resource\build\classes\main\demo] for files matching pattern [F:/kona-money/repositories/kona-paypaas/resource/build/classes/main/demo/*.class]
12:03:15.877 [Test worker] DEBUG org.springframework.core.io.support.PathMatchingResourcePatternResolver - Resolved location pattern [classpath*:demo/*.class] to resources [file [F:\kona-money\repositories\kona-paypaas\resource\build\classes\test\demo\ApplicationTests.class], file [F:\kona-money\repositories\kona-paypaas\resource\build\classes\main\demo\Message.class], file [F:\kona-money\repositories\kona-paypaas\resource\build\classes\main\demo\ResourceApplication.class]]
12:03:15.937 [Test worker] DEBUG org.springframework.context.annotation.ClassPathScanningCandidateComponentProvider - Identified candidate component class: file [F:\kona-money\repositories\kona-paypaas\resource\build\classes\main\demo\ResourceApplication.class]
12:03:15.940 [Test worker] INFO org.springframework.boot.test.context.SpringBootTestContextBootstrapper - Found @SpringBootConfiguration demo.ResourceApplication for test class demo.ApplicationTests
12:03:15.942 [Test worker] DEBUG org.springframework.boot.test.context.SpringBootTestContextBootstrapper - @TestExecutionListeners is not present for class [demo.ApplicationTests]: using defaults.
12:03:15.946 [Test worker] INFO org.springframework.boot.test.context.SpringBootTestContextBootstrapper - Loaded default TestExecutionListener class names from location [META-INF/spring.factories]: [org.springframework.boot.test.mock.mockito.MockitoTestExecutionListener, org.springframework.boot.test.mock.mockito.ResetMocksTestExecutionListener, org.springframework.boot.test.autoconfigure.restdocs.RestDocsTestExecutionListener, org.springframework.boot.test.autoconfigure.web.client.MockRestServiceServerResetTestExecutionListener, org.springframework.boot.test.autoconfigure.web.servlet.MockMvcPrintOnlyOnFailureTestExecutionListener, org.springframework.boot.test.autoconfigure.web.servlet.WebDriverTestExecutionListener, org.springframework.test.context.web.ServletTestExecutionListener, org.springframework.test.context.support.DirtiesContextBeforeModesTestExecutionListener, org.springframework.test.context.support.DependencyInjectionTestExecutionListener, org.springframework.test.context.support.DirtiesContextTestExecutionListener, org.springframework.test.context.transaction.TransactionalTestExecutionListener, org.springframework.test.context.jdbc.SqlScriptsTestExecutionListener]
12:03:15.960 [Test worker] INFO org.springframework.boot.test.context.SpringBootTestContextBootstrapper - Could not instantiate TestExecutionListener [org.springframework.test.context.transaction.TransactionalTestExecutionListener]. Specify custom listener classes or make the default listener classes (and their required dependencies) available. Offending class: [org/springframework/transaction/interceptor/TransactionAttributeSource]
12:03:15.961 [Test worker] INFO org.springframework.boot.test.context.SpringBootTestContextBootstrapper - Could not instantiate TestExecutionListener [org.springframework.test.context.jdbc.SqlScriptsTestExecutionListener]. Specify custom listener classes or make the default listener classes (and their required dependencies) available. Offending class: [org/springframework/transaction/interceptor/TransactionAttribute]
12:03:15.961 [Test worker] INFO org.springframework.boot.test.context.SpringBootTestContextBootstrapper - Using TestExecutionListeners: [org.springframework.test.context.web.ServletTestExecutionListener@6687ec13, org.springframework.test.context.support.DirtiesContextBeforeModesTestExecutionListener@659c07fb, org.springframework.boot.test.autoconfigure.SpringBootDependencyInjectionTestExecutionListener@66d023da, org.springframework.test.context.support.DirtiesContextTestExecutionListener@6ae1f1f1, org.springframework.boot.test.mock.mockito.MockitoTestExecutionListener@17d33c09, org.springframework.boot.test.autoconfigure.web.client.MockRestServiceServerResetTestExecutionListener@2d0a7f17, org.springframework.boot.test.mock.mockito.ResetMocksTestExecutionListener@c1dd61b, org.springframework.boot.test.autoconfigure.web.servlet.WebDriverTestExecutionListener@7ad38cd3, org.springframework.boot.test.autoconfigure.web.servlet.MockMvcPrintOnlyOnFailureTestExecutionListener@56c2afa4, org.springframework.boot.test.autoconfigure.restdocs.RestDocsTestExecutionListener@799647c]
12:03:15.964 [Test worker] DEBUG org.springframework.test.annotation.ProfileValueUtils - Retrieved @ProfileValueSourceConfiguration [null] for test class [demo.ApplicationTests]
12:03:15.965 [Test worker] DEBUG org.springframework.test.annotation.ProfileValueUtils - Retrieved ProfileValueSource type [class org.springframework.test.annotation.SystemProfileValueSource] for class [demo.ApplicationTests]
12:03:15.966 [Test worker] DEBUG org.springframework.test.annotation.ProfileValueUtils - Retrieved @ProfileValueSourceConfiguration [null] for test class [demo.ApplicationTests]
12:03:15.966 [Test worker] DEBUG org.springframework.test.annotation.ProfileValueUtils - Retrieved ProfileValueSource type [class org.springframework.test.annotation.SystemProfileValueSource] for class [demo.ApplicationTests]
12:03:15.970 [Test worker] DEBUG org.springframework.test.context.support.AbstractDirtiesContextTestExecutionListener - Before test class: context [DefaultTestContext@49114668 testClass = ApplicationTests, testInstance = [null], testMethod = [null], testException = [null], mergedContextConfiguration = [WebMergedContextConfiguration@d257b52 testClass = ApplicationTests, locations = '{}', classes = '{class demo.ResourceApplication}', contextInitializerClasses = '[]', activeProfiles = '{}', propertySourceLocations = '{}', propertySourceProperties = '{org.springframework.boot.test.context.SpringBootTestContextBootstrapper=true, server.port=0}', contextCustomizers = set[org.springframework.boot.test.context.SpringBootTestContextCustomizer@5cc816a9, org.springframework.boot.test.context.filter.ExcludeFilterContextCustomizer@310f4503, org.springframework.boot.test.mock.mockito.MockitoContextCustomizer@0, org.springframework.boot.test.autoconfigure.properties.PropertyMappingContextCustomizer@0, org.springframework.boot.test.autoconfigure.web.servlet.WebDriverContextCustomizerFactory$Customizer@6c5cdf95], resourceBasePath = 'src/main/webapp', contextLoader = 'org.springframework.boot.test.context.SpringBootContextLoader', parent = [null]]], class annotated with @DirtiesContext [false] with mode [null].
12:03:15.971 [Test worker] DEBUG org.springframework.test.annotation.ProfileValueUtils - Retrieved @ProfileValueSourceConfiguration [null] for test class [demo.ApplicationTests]
12:03:15.971 [Test worker] DEBUG org.springframework.test.annotation.ProfileValueUtils - Retrieved ProfileValueSource type [class org.springframework.test.annotation.SystemProfileValueSource] for class [demo.ApplicationTests]
12:03:16.443 [Test worker] DEBUG org.springframework.test.context.support.DependencyInjectionTestExecutionListener - Performing dependency injection for test context [[DefaultTestContext@49114668 testClass = ApplicationTests, testInstance = demo.ApplicationTests@634be93a, testMethod = [null], testException = [null], mergedContextConfiguration = [WebMergedContextConfiguration@d257b52 testClass = ApplicationTests, locations = '{}', classes = '{class demo.ResourceApplication}', contextInitializerClasses = '[]', activeProfiles = '{}', propertySourceLocations = '{}', propertySourceProperties = '{org.springframework.boot.test.context.SpringBootTestContextBootstrapper=true, server.port=0}', contextCustomizers = set[org.springframework.boot.test.context.SpringBootTestContextCustomizer@5cc816a9, org.springframework.boot.test.context.filter.ExcludeFilterContextCustomizer@310f4503, org.springframework.boot.test.mock.mockito.MockitoContextCustomizer@0, org.springframework.boot.test.autoconfigure.properties.PropertyMappingContextCustomizer@0, org.springframework.boot.test.autoconfigure.web.servlet.WebDriverContextCustomizerFactory$Customizer@6c5cdf95], resourceBasePath = 'src/main/webapp', contextLoader = 'org.springframework.boot.test.context.SpringBootContextLoader', parent = [null]]]].
12:03:16.470 [Test worker] DEBUG org.springframework.core.env.StandardEnvironment - Adding [systemProperties] PropertySource with lowest search precedence
12:03:16.470 [Test worker] DEBUG org.springframework.core.env.StandardEnvironment - Adding [systemEnvironment] PropertySource with lowest search precedence
12:03:16.470 [Test worker] DEBUG org.springframework.core.env.StandardEnvironment - Initialized StandardEnvironment with PropertySources [systemProperties,systemEnvironment]
12:03:16.471 [Test worker] DEBUG org.springframework.test.context.support.TestPropertySourceUtils - Adding inlined properties to environment: {spring.jmx.enabled=false, org.springframework.boot.test.context.SpringBootTestContextBootstrapper=true, server.port=0}
12:03:16.471 [Test worker] DEBUG org.springframework.core.env.StandardEnvironment - Adding [Inlined Test Properties] PropertySource with highest search precedence

  .   ____          _            __ _ _
 /\\ / ___'_ __ _ _(_)_ __  __ _ \ \ \ \
( ( )\___ | '_ | '_| | '_ \/ _` | \ \ \ \
 \\/  ___)| |_)| | | | | || (_| |  ) ) ) )
  '  |____| .__|_| |_|_| |_\__, | / / / /
 =========|_|==============|___/=/_/_/_/
 :: Spring Boot ::        (v1.4.1.RELEASE)

2016-09-29 12:03:16.715  INFO 5780 --- [    Test worker] demo.ApplicationTests                    : Starting ApplicationTests on Dell-PC with PID 5780 (started by Bijon in F:\kona-money\repositories\kona-paypaas\resource)
2016-09-29 12:03:16.716  INFO 5780 --- [    Test worker] demo.ApplicationTests                    : No active profile set, falling back to default profiles: default
2016-09-29 12:03:16.739  INFO 5780 --- [    Test worker] ationConfigEmbeddedWebApplicationContext : Refreshing org.springframework.boot.context.embedded.AnnotationConfigEmbeddedWebApplicationContext@307c60c0: startup date [Thu Sep 29 12:03:16 BDT 2016]; root of context hierarchy
2016-09-29 12:03:18.009  INFO 5780 --- [    Test worker] s.b.c.e.t.TomcatEmbeddedServletContainer : Tomcat initialized with port(s): 0 (http)
2016-09-29 12:03:18.018  INFO 5780 --- [    Test worker] o.apache.catalina.core.StandardService   : Starting service Tomcat
2016-09-29 12:03:18.019  INFO 5780 --- [    Test worker] org.apache.catalina.core.StandardEngine  : Starting Servlet Engine: Apache Tomcat/8.5.5
2016-09-29 12:03:18.139  INFO 5780 --- [ost-startStop-1] o.a.c.c.C.[.[localhost].[/resource]      : Initializing Spring embedded WebApplicationContext
2016-09-29 12:03:18.139  INFO 5780 --- [ost-startStop-1] o.s.web.context.ContextLoader            : Root WebApplicationContext: initialization completed in 1402 ms
2016-09-29 12:03:18.312  INFO 5780 --- [ost-startStop-1] o.s.b.w.servlet.FilterRegistrationBean   : Mapping filter: 'characterEncodingFilter' to: [/*]
2016-09-29 12:03:18.313  INFO 5780 --- [ost-startStop-1] o.s.b.w.servlet.FilterRegistrationBean   : Mapping filter: 'hiddenHttpMethodFilter' to: [/*]
2016-09-29 12:03:18.313  INFO 5780 --- [ost-startStop-1] o.s.b.w.servlet.FilterRegistrationBean   : Mapping filter: 'httpPutFormContentFilter' to: [/*]
2016-09-29 12:03:18.313  INFO 5780 --- [ost-startStop-1] o.s.b.w.servlet.FilterRegistrationBean   : Mapping filter: 'requestContextFilter' to: [/*]
2016-09-29 12:03:18.315  INFO 5780 --- [ost-startStop-1] .s.DelegatingFilterProxyRegistrationBean : Mapping filter: 'springSecurityFilterChain' to: [/*]
2016-09-29 12:03:18.315  INFO 5780 --- [ost-startStop-1] o.s.b.w.servlet.ServletRegistrationBean  : Mapping servlet: 'dispatcherServlet' to [/]
2016-09-29 12:03:18.782  INFO 5780 --- [    Test worker] s.w.s.m.m.a.RequestMappingHandlerAdapter : Looking for @ControllerAdvice: org.springframework.boot.context.embedded.AnnotationConfigEmbeddedWebApplicationContext@307c60c0: startup date [Thu Sep 29 12:03:16 BDT 2016]; root of context hierarchy
2016-09-29 12:03:18.836  INFO 5780 --- [    Test worker] s.w.s.m.m.a.RequestMappingHandlerMapping : Mapped "{[/greet]}" onto public demo.Message demo.ResourceApplication.greet()
2016-09-29 12:03:18.837  INFO 5780 --- [    Test worker] s.w.s.m.m.a.RequestMappingHandlerMapping : Mapped "{[/]}" onto public demo.Message demo.ResourceApplication.home()
2016-09-29 12:03:18.839  INFO 5780 --- [    Test worker] s.w.s.m.m.a.RequestMappingHandlerMapping : Mapped "{[/error]}" onto public org.springframework.http.ResponseEntity<java.util.Map<java.lang.String, java.lang.Object>> org.springframework.boot.autoconfigure.web.BasicErrorController.error(javax.servlet.http.HttpServletRequest)
2016-09-29 12:03:18.840  INFO 5780 --- [    Test worker] s.w.s.m.m.a.RequestMappingHandlerMapping : Mapped "{[/error],produces=[text/html]}" onto public org.springframework.web.servlet.ModelAndView org.springframework.boot.autoconfigure.web.BasicErrorController.errorHtml(javax.servlet.http.HttpServletRequest,javax.servlet.http.HttpServletResponse)
2016-09-29 12:03:18.868  INFO 5780 --- [    Test worker] o.s.w.s.handler.SimpleUrlHandlerMapping  : Mapped URL path [/webjars/**] onto handler of type [class org.springframework.web.servlet.resource.ResourceHttpRequestHandler]
2016-09-29 12:03:18.868  INFO 5780 --- [    Test worker] o.s.w.s.handler.SimpleUrlHandlerMapping  : Mapped URL path [/**] onto handler of type [class org.springframework.web.servlet.resource.ResourceHttpRequestHandler]
2016-09-29 12:03:18.909  INFO 5780 --- [    Test worker] o.s.w.s.handler.SimpleUrlHandlerMapping  : Mapped URL path [/**/favicon.ico] onto handler of type [class org.springframework.web.servlet.resource.ResourceHttpRequestHandler]
2016-09-29 12:03:19.007 DEBUG 5780 --- [    Test worker] eGlobalAuthenticationAutowiredConfigurer : Eagerly initializing {org.springframework.boot.autoconfigure.security.SpringBootWebSecurityConfiguration=org.springframework.boot.autoconfigure.security.SpringBootWebSecurityConfiguration$$EnhancerBySpringCGLIB$$c4f1b509@2718efe2}
2016-09-29 12:03:19.017  INFO 5780 --- [    Test worker] b.a.s.AuthenticationManagerConfiguration : 

Using default security password: c5835337-9508-45a0-89f6-0f99dbf29ca3

2016-09-29 12:03:19.114  INFO 5780 --- [    Test worker] o.s.s.web.DefaultSecurityFilterChain     : Creating filter chain: Ant [pattern='/css/**'], []
2016-09-29 12:03:19.115  INFO 5780 --- [    Test worker] o.s.s.web.DefaultSecurityFilterChain     : Creating filter chain: Ant [pattern='/js/**'], []
2016-09-29 12:03:19.115  INFO 5780 --- [    Test worker] o.s.s.web.DefaultSecurityFilterChain     : Creating filter chain: Ant [pattern='/images/**'], []
2016-09-29 12:03:19.115  INFO 5780 --- [    Test worker] o.s.s.web.DefaultSecurityFilterChain     : Creating filter chain: Ant [pattern='/webjars/**'], []
2016-09-29 12:03:19.115  INFO 5780 --- [    Test worker] o.s.s.web.DefaultSecurityFilterChain     : Creating filter chain: Ant [pattern='/**/favicon.ico'], []
2016-09-29 12:03:19.115  INFO 5780 --- [    Test worker] o.s.s.web.DefaultSecurityFilterChain     : Creating filter chain: Ant [pattern='/error'], []
2016-09-29 12:03:19.170 DEBUG 5780 --- [    Test worker] edFilterInvocationSecurityMetadataSource : Adding web access control expression 'authenticated', for org.springframework.security.web.util.matcher.AnyRequestMatcher@1
2016-09-29 12:03:19.178 DEBUG 5780 --- [    Test worker] o.s.s.w.a.i.FilterSecurityInterceptor    : Validated configuration attributes
2016-09-29 12:03:19.178 DEBUG 5780 --- [    Test worker] o.s.s.w.a.i.FilterSecurityInterceptor    : Validated configuration attributes
2016-09-29 12:03:19.182  INFO 5780 --- [    Test worker] o.s.s.web.DefaultSecurityFilterChain     : Creating filter chain: org.springframework.security.web.util.matcher.AnyRequestMatcher@1, [org.springframework.security.web.context.request.async.WebAsyncManagerIntegrationFilter@6d01739b, org.springframework.security.web.context.SecurityContextPersistenceFilter@6fcde1c3, org.springframework.security.web.header.HeaderWriterFilter@2ef3eea, org.springframework.security.web.authentication.logout.LogoutFilter@39e7cd0a, org.springframework.security.oauth2.provider.authentication.OAuth2AuthenticationProcessingFilter@71ac15d, org.springframework.security.web.savedrequest.RequestCacheAwareFilter@70133af0, org.springframework.security.web.servletapi.SecurityContextHolderAwareRequestFilter@748ca89c, org.springframework.security.web.authentication.AnonymousAuthenticationFilter@7a4cfd05, org.springframework.security.web.session.SessionManagementFilter@b1d5a98, org.springframework.security.web.access.ExceptionTranslationFilter@40def0d9, org.springframework.security.web.access.intercept.FilterSecurityInterceptor@78eae0d8]
2016-09-29 12:03:19.199 DEBUG 5780 --- [    Test worker] edFilterInvocationSecurityMetadataSource : Adding web access control expression 'hasAnyRole('ROLE_USER')', for org.springframework.security.web.util.matcher.AnyRequestMatcher@1
2016-09-29 12:03:19.201 DEBUG 5780 --- [    Test worker] o.s.s.w.a.i.FilterSecurityInterceptor    : Validated configuration attributes
2016-09-29 12:03:19.201 DEBUG 5780 --- [    Test worker] o.s.s.w.a.i.FilterSecurityInterceptor    : Validated configuration attributes
2016-09-29 12:03:19.201  INFO 5780 --- [    Test worker] o.s.s.web.DefaultSecurityFilterChain     : Creating filter chain: OrRequestMatcher [requestMatchers=[Ant [pattern='/**']]], [org.springframework.security.web.context.request.async.WebAsyncManagerIntegrationFilter@62a8bee6, org.springframework.security.web.context.SecurityContextPersistenceFilter@70cc7c93, org.springframework.security.web.header.HeaderWriterFilter@688b97a9, org.springframework.security.web.authentication.logout.LogoutFilter@66457096, org.springframework.security.web.authentication.www.BasicAuthenticationFilter@bb2f67e, org.springframework.security.web.savedrequest.RequestCacheAwareFilter@106d0c0, org.springframework.security.web.servletapi.SecurityContextHolderAwareRequestFilter@6672edc6, org.springframework.security.web.authentication.AnonymousAuthenticationFilter@348d20a4, org.springframework.security.web.session.SessionManagementFilter@24920dde, org.springframework.security.web.access.ExceptionTranslationFilter@79d27722, org.springframework.security.web.access.intercept.FilterSecurityInterceptor@78aded17]
2016-09-29 12:03:19.402  INFO 5780 --- [    Test worker] s.b.c.e.t.TomcatEmbeddedServletContainer : Tomcat started on port(s): 59078 (http)
2016-09-29 12:03:19.406  INFO 5780 --- [    Test worker] demo.ApplicationTests                    : Started ApplicationTests in 2.932 seconds (JVM running for 4.257)
2016-09-29 12:03:19.489  INFO 5780 --- [o-auto-1-exec-1] o.a.c.c.C.[.[localhost].[/resource]      : Initializing Spring FrameworkServlet 'dispatcherServlet'
2016-09-29 12:03:19.489  INFO 5780 --- [o-auto-1-exec-1] o.s.web.servlet.DispatcherServlet        : FrameworkServlet 'dispatcherServlet': initialization started
2016-09-29 12:03:19.504  INFO 5780 --- [o-auto-1-exec-1] o.s.web.servlet.DispatcherServlet        : FrameworkServlet 'dispatcherServlet': initialization completed in 15 ms
2016-09-29 12:03:19.513 DEBUG 5780 --- [o-auto-1-exec-1] o.s.s.w.u.matcher.AntPathRequestMatcher  : Checking match of request : '/'; against '/css/**'
2016-09-29 12:03:19.514 DEBUG 5780 --- [o-auto-1-exec-1] o.s.s.w.u.matcher.AntPathRequestMatcher  : Checking match of request : '/'; against '/js/**'
2016-09-29 12:03:19.514 DEBUG 5780 --- [o-auto-1-exec-1] o.s.s.w.u.matcher.AntPathRequestMatcher  : Checking match of request : '/'; against '/images/**'
2016-09-29 12:03:19.514 DEBUG 5780 --- [o-auto-1-exec-1] o.s.s.w.u.matcher.AntPathRequestMatcher  : Checking match of request : '/'; against '/webjars/**'
2016-09-29 12:03:19.514 DEBUG 5780 --- [o-auto-1-exec-1] o.s.s.w.u.matcher.AntPathRequestMatcher  : Checking match of request : '/'; against '/**/favicon.ico'
2016-09-29 12:03:19.514 DEBUG 5780 --- [o-auto-1-exec-1] o.s.s.w.u.matcher.AntPathRequestMatcher  : Checking match of request : '/'; against '/error'
2016-09-29 12:03:19.514 DEBUG 5780 --- [o-auto-1-exec-1] o.s.security.web.FilterChainProxy        : / at position 1 of 11 in additional filter chain; firing Filter: 'WebAsyncManagerIntegrationFilter'
2016-09-29 12:03:19.515 DEBUG 5780 --- [o-auto-1-exec-1] o.s.security.web.FilterChainProxy        : / at position 2 of 11 in additional filter chain; firing Filter: 'SecurityContextPersistenceFilter'
2016-09-29 12:03:19.516 DEBUG 5780 --- [o-auto-1-exec-1] o.s.security.web.FilterChainProxy        : / at position 3 of 11 in additional filter chain; firing Filter: 'HeaderWriterFilter'
2016-09-29 12:03:19.518 DEBUG 5780 --- [o-auto-1-exec-1] o.s.security.web.FilterChainProxy        : / at position 4 of 11 in additional filter chain; firing Filter: 'LogoutFilter'
2016-09-29 12:03:19.518 DEBUG 5780 --- [o-auto-1-exec-1] o.s.s.web.util.matcher.OrRequestMatcher  : Trying to match using Ant [pattern='/logout', GET]
2016-09-29 12:03:19.518 DEBUG 5780 --- [o-auto-1-exec-1] o.s.s.w.u.matcher.AntPathRequestMatcher  : Checking match of request : '/'; against '/logout'
2016-09-29 12:03:19.518 DEBUG 5780 --- [o-auto-1-exec-1] o.s.s.web.util.matcher.OrRequestMatcher  : Trying to match using Ant [pattern='/logout', POST]
2016-09-29 12:03:19.518 DEBUG 5780 --- [o-auto-1-exec-1] o.s.s.w.u.matcher.AntPathRequestMatcher  : Request 'GET /' doesn't match 'POST /logout
2016-09-29 12:03:19.518 DEBUG 5780 --- [o-auto-1-exec-1] o.s.s.web.util.matcher.OrRequestMatcher  : Trying to match using Ant [pattern='/logout', PUT]
2016-09-29 12:03:19.518 DEBUG 5780 --- [o-auto-1-exec-1] o.s.s.w.u.matcher.AntPathRequestMatcher  : Request 'GET /' doesn't match 'PUT /logout
2016-09-29 12:03:19.518 DEBUG 5780 --- [o-auto-1-exec-1] o.s.s.web.util.matcher.OrRequestMatcher  : Trying to match using Ant [pattern='/logout', DELETE]
2016-09-29 12:03:19.518 DEBUG 5780 --- [o-auto-1-exec-1] o.s.s.w.u.matcher.AntPathRequestMatcher  : Request 'GET /' doesn't match 'DELETE /logout
2016-09-29 12:03:19.518 DEBUG 5780 --- [o-auto-1-exec-1] o.s.s.web.util.matcher.OrRequestMatcher  : No matches found
2016-09-29 12:03:19.518 DEBUG 5780 --- [o-auto-1-exec-1] o.s.security.web.FilterChainProxy        : / at position 5 of 11 in additional filter chain; firing Filter: 'OAuth2AuthenticationProcessingFilter'
2016-09-29 12:03:19.518 DEBUG 5780 --- [o-auto-1-exec-1] o.s.s.o.p.a.BearerTokenExtractor         : Token not found in headers. Trying request parameters.
2016-09-29 12:03:19.518 DEBUG 5780 --- [o-auto-1-exec-1] o.s.s.o.p.a.BearerTokenExtractor         : Token not found in request parameters.  Not an OAuth2 request.
2016-09-29 12:03:19.518 DEBUG 5780 --- [o-auto-1-exec-1] p.a.OAuth2AuthenticationProcessingFilter : No token in request, will continue chain.
2016-09-29 12:03:19.519 DEBUG 5780 --- [o-auto-1-exec-1] o.s.security.web.FilterChainProxy        : / at position 6 of 11 in additional filter chain; firing Filter: 'RequestCacheAwareFilter'
2016-09-29 12:03:19.519 DEBUG 5780 --- [o-auto-1-exec-1] o.s.security.web.FilterChainProxy        : / at position 7 of 11 in additional filter chain; firing Filter: 'SecurityContextHolderAwareRequestFilter'
2016-09-29 12:03:19.519 DEBUG 5780 --- [o-auto-1-exec-1] o.s.security.web.FilterChainProxy        : / at position 8 of 11 in additional filter chain; firing Filter: 'AnonymousAuthenticationFilter'
2016-09-29 12:03:19.520 DEBUG 5780 --- [o-auto-1-exec-1] o.s.s.w.a.AnonymousAuthenticationFilter  : Populated SecurityContextHolder with anonymous token: 'org.springframework.security.authentication.AnonymousAuthenticationToken@9055e4a6: Principal: anonymousUser; Credentials: [PROTECTED]; Authenticated: true; Details: org.springframework.security.web.authentication.WebAuthenticationDetails@957e: RemoteIpAddress: 127.0.0.1; SessionId: null; Granted Authorities: ROLE_ANONYMOUS'
2016-09-29 12:03:19.520 DEBUG 5780 --- [o-auto-1-exec-1] o.s.security.web.FilterChainProxy        : / at position 9 of 11 in additional filter chain; firing Filter: 'SessionManagementFilter'
2016-09-29 12:03:19.520 DEBUG 5780 --- [o-auto-1-exec-1] o.s.security.web.FilterChainProxy        : / at position 10 of 11 in additional filter chain; firing Filter: 'ExceptionTranslationFilter'
2016-09-29 12:03:19.520 DEBUG 5780 --- [o-auto-1-exec-1] o.s.security.web.FilterChainProxy        : / at position 11 of 11 in additional filter chain; firing Filter: 'FilterSecurityInterceptor'
2016-09-29 12:03:19.521 DEBUG 5780 --- [o-auto-1-exec-1] o.s.s.w.a.i.FilterSecurityInterceptor    : Secure object: FilterInvocation: URL: /; Attributes: [#oauth2.throwOnError(authenticated)]
2016-09-29 12:03:19.521 DEBUG 5780 --- [o-auto-1-exec-1] o.s.s.w.a.i.FilterSecurityInterceptor    : Previously Authenticated: org.springframework.security.authentication.AnonymousAuthenticationToken@9055e4a6: Principal: anonymousUser; Credentials: [PROTECTED]; Authenticated: true; Details: org.springframework.security.web.authentication.WebAuthenticationDetails@957e: RemoteIpAddress: 127.0.0.1; SessionId: null; Granted Authorities: ROLE_ANONYMOUS
2016-09-29 12:03:19.525 DEBUG 5780 --- [o-auto-1-exec-1] o.s.s.access.vote.AffirmativeBased       : Voter: org.springframework.security.web.access.expression.WebExpressionVoter@440faed3, returned: -1
2016-09-29 12:03:19.529 DEBUG 5780 --- [o-auto-1-exec-1] o.s.s.w.a.ExceptionTranslationFilter     : Access is denied (user is anonymous); redirecting to authentication entry point

org.springframework.security.access.AccessDeniedException: Access is denied
	at org.springframework.security.access.vote.AffirmativeBased.decide(AffirmativeBased.java:84) ~[spring-security-core-4.1.3.RELEASE.jar:4.1.3.RELEASE]
	at org.springframework.security.access.intercept.AbstractSecurityInterceptor.beforeInvocation(AbstractSecurityInterceptor.java:233) ~[spring-security-core-4.1.3.RELEASE.jar:4.1.3.RELEASE]
	at org.springframework.security.web.access.intercept.FilterSecurityInterceptor.invoke(FilterSecurityInterceptor.java:124) ~[spring-security-web-4.1.3.RELEASE.jar:4.1.3.RELEASE]
	at org.springframework.security.web.access.intercept.FilterSecurityInterceptor.doFilter(FilterSecurityInterceptor.java:91) ~[spring-security-web-4.1.3.RELEASE.jar:4.1.3.RELEASE]
	at org.springframework.security.web.FilterChainProxy$VirtualFilterChain.doFilter(FilterChainProxy.java:331) [spring-security-web-4.1.3.RELEASE.jar:4.1.3.RELEASE]
	at org.springframework.security.web.access.ExceptionTranslationFilter.doFilter(ExceptionTranslationFilter.java:115) ~[spring-security-web-4.1.3.RELEASE.jar:4.1.3.RELEASE]
	at org.springframework.security.web.FilterChainProxy$VirtualFilterChain.doFilter(FilterChainProxy.java:331) [spring-security-web-4.1.3.RELEASE.jar:4.1.3.RELEASE]
	at org.springframework.security.web.session.SessionManagementFilter.doFilter(SessionManagementFilter.java:137) [spring-security-web-4.1.3.RELEASE.jar:4.1.3.RELEASE]
	at org.springframework.security.web.FilterChainProxy$VirtualFilterChain.doFilter(FilterChainProxy.java:331) [spring-security-web-4.1.3.RELEASE.jar:4.1.3.RELEASE]
	at org.springframework.security.web.authentication.AnonymousAuthenticationFilter.doFilter(AnonymousAuthenticationFilter.java:111) [spring-security-web-4.1.3.RELEASE.jar:4.1.3.RELEASE]
	at org.springframework.security.web.FilterChainProxy$VirtualFilterChain.doFilter(FilterChainProxy.java:331) [spring-security-web-4.1.3.RELEASE.jar:4.1.3.RELEASE]
	at org.springframework.security.web.servletapi.SecurityContextHolderAwareRequestFilter.doFilter(SecurityContextHolderAwareRequestFilter.java:169) [spring-security-web-4.1.3.RELEASE.jar:4.1.3.RELEASE]
	at org.springframework.security.web.FilterChainProxy$VirtualFilterChain.doFilter(FilterChainProxy.java:331) [spring-security-web-4.1.3.RELEASE.jar:4.1.3.RELEASE]
	at org.springframework.security.web.savedrequest.RequestCacheAwareFilter.doFilter(RequestCacheAwareFilter.java:63) [spring-security-web-4.1.3.RELEASE.jar:4.1.3.RELEASE]
	at org.springframework.security.web.FilterChainProxy$VirtualFilterChain.doFilter(FilterChainProxy.java:331) [spring-security-web-4.1.3.RELEASE.jar:4.1.3.RELEASE]
	at org.springframework.security.oauth2.provider.authentication.OAuth2AuthenticationProcessingFilter.doFilter(OAuth2AuthenticationProcessingFilter.java:176) [spring-security-oauth2-2.0.10.RELEASE.jar:na]
	at org.springframework.security.web.FilterChainProxy$VirtualFilterChain.doFilter(FilterChainProxy.java:331) [spring-security-web-4.1.3.RELEASE.jar:4.1.3.RELEASE]
	at org.springframework.security.web.authentication.logout.LogoutFilter.doFilter(LogoutFilter.java:121) [spring-security-web-4.1.3.RELEASE.jar:4.1.3.RELEASE]
	at org.springframework.security.web.FilterChainProxy$VirtualFilterChain.doFilter(FilterChainProxy.java:331) [spring-security-web-4.1.3.RELEASE.jar:4.1.3.RELEASE]
	at org.springframework.security.web.header.HeaderWriterFilter.doFilterInternal(HeaderWriterFilter.java:66) [spring-security-web-4.1.3.RELEASE.jar:4.1.3.RELEASE]
	at org.springframework.web.filter.OncePerRequestFilter.doFilter(OncePerRequestFilter.java:107) [spring-web-4.3.3.RELEASE.jar:4.3.3.RELEASE]
	at org.springframework.security.web.FilterChainProxy$VirtualFilterChain.doFilter(FilterChainProxy.java:331) [spring-security-web-4.1.3.RELEASE.jar:4.1.3.RELEASE]
	at org.springframework.security.web.context.SecurityContextPersistenceFilter.doFilter(SecurityContextPersistenceFilter.java:105) [spring-security-web-4.1.3.RELEASE.jar:4.1.3.RELEASE]
	at org.springframework.security.web.FilterChainProxy$VirtualFilterChain.doFilter(FilterChainProxy.java:331) [spring-security-web-4.1.3.RELEASE.jar:4.1.3.RELEASE]
	at org.springframework.security.web.context.request.async.WebAsyncManagerIntegrationFilter.doFilterInternal(WebAsyncManagerIntegrationFilter.java:56) [spring-security-web-4.1.3.RELEASE.jar:4.1.3.RELEASE]
	at org.springframework.web.filter.OncePerRequestFilter.doFilter(OncePerRequestFilter.java:107) [spring-web-4.3.3.RELEASE.jar:4.3.3.RELEASE]
	at org.springframework.security.web.FilterChainProxy$VirtualFilterChain.doFilter(FilterChainProxy.java:331) [spring-security-web-4.1.3.RELEASE.jar:4.1.3.RELEASE]
	at org.springframework.security.web.FilterChainProxy.doFilterInternal(FilterChainProxy.java:214) [spring-security-web-4.1.3.RELEASE.jar:4.1.3.RELEASE]
	at org.springframework.security.web.FilterChainProxy.doFilter(FilterChainProxy.java:177) [spring-security-web-4.1.3.RELEASE.jar:4.1.3.RELEASE]
	at org.springframework.web.filter.DelegatingFilterProxy.invokeDelegate(DelegatingFilterProxy.java:346) [spring-web-4.3.3.RELEASE.jar:4.3.3.RELEASE]
	at org.springframework.web.filter.DelegatingFilterProxy.doFilter(DelegatingFilterProxy.java:262) [spring-web-4.3.3.RELEASE.jar:4.3.3.RELEASE]
	at org.apache.catalina.core.ApplicationFilterChain.internalDoFilter(ApplicationFilterChain.java:192) [tomcat-embed-core-8.5.5.jar:8.5.5]
	at org.apache.catalina.core.ApplicationFilterChain.doFilter(ApplicationFilterChain.java:165) [tomcat-embed-core-8.5.5.jar:8.5.5]
	at org.springframework.web.filter.RequestContextFilter.doFilterInternal(RequestContextFilter.java:99) [spring-web-4.3.3.RELEASE.jar:4.3.3.RELEASE]
	at org.springframework.web.filter.OncePerRequestFilter.doFilter(OncePerRequestFilter.java:107) [spring-web-4.3.3.RELEASE.jar:4.3.3.RELEASE]
	at org.apache.catalina.core.ApplicationFilterChain.internalDoFilter(ApplicationFilterChain.java:192) [tomcat-embed-core-8.5.5.jar:8.5.5]
	at org.apache.catalina.core.ApplicationFilterChain.doFilter(ApplicationFilterChain.java:165) [tomcat-embed-core-8.5.5.jar:8.5.5]
	at org.springframework.web.filter.HttpPutFormContentFilter.doFilterInternal(HttpPutFormContentFilter.java:89) [spring-web-4.3.3.RELEASE.jar:4.3.3.RELEASE]
	at org.springframework.web.filter.OncePerRequestFilter.doFilter(OncePerRequestFilter.java:107) [spring-web-4.3.3.RELEASE.jar:4.3.3.RELEASE]
	at org.apache.catalina.core.ApplicationFilterChain.internalDoFilter(ApplicationFilterChain.java:192) [tomcat-embed-core-8.5.5.jar:8.5.5]
	at org.apache.catalina.core.ApplicationFilterChain.doFilter(ApplicationFilterChain.java:165) [tomcat-embed-core-8.5.5.jar:8.5.5]
	at org.springframework.web.filter.HiddenHttpMethodFilter.doFilterInternal(HiddenHttpMethodFilter.java:77) [spring-web-4.3.3.RELEASE.jar:4.3.3.RELEASE]
	at org.springframework.web.filter.OncePerRequestFilter.doFilter(OncePerRequestFilter.java:107) [spring-web-4.3.3.RELEASE.jar:4.3.3.RELEASE]
	at org.apache.catalina.core.ApplicationFilterChain.internalDoFilter(ApplicationFilterChain.java:192) [tomcat-embed-core-8.5.5.jar:8.5.5]
	at org.apache.catalina.core.ApplicationFilterChain.doFilter(ApplicationFilterChain.java:165) [tomcat-embed-core-8.5.5.jar:8.5.5]
	at org.springframework.web.filter.CharacterEncodingFilter.doFilterInternal(CharacterEncodingFilter.java:197) [spring-web-4.3.3.RELEASE.jar:4.3.3.RELEASE]
	at org.springframework.web.filter.OncePerRequestFilter.doFilter(OncePerRequestFilter.java:107) [spring-web-4.3.3.RELEASE.jar:4.3.3.RELEASE]
	at org.apache.catalina.core.ApplicationFilterChain.internalDoFilter(ApplicationFilterChain.java:192) [tomcat-embed-core-8.5.5.jar:8.5.5]
	at org.apache.catalina.core.ApplicationFilterChain.doFilter(ApplicationFilterChain.java:165) [tomcat-embed-core-8.5.5.jar:8.5.5]
	at org.apache.catalina.core.StandardWrapperValve.invoke(StandardWrapperValve.java:198) [tomcat-embed-core-8.5.5.jar:8.5.5]
	at org.apache.catalina.core.StandardContextValve.invoke(StandardContextValve.java:108) [tomcat-embed-core-8.5.5.jar:8.5.5]
	at org.apache.catalina.authenticator.AuthenticatorBase.invoke(AuthenticatorBase.java:472) [tomcat-embed-core-8.5.5.jar:8.5.5]
	at org.apache.catalina.core.StandardHostValve.invoke(StandardHostValve.java:140) [tomcat-embed-core-8.5.5.jar:8.5.5]
	at org.apache.catalina.valves.ErrorReportValve.invoke(ErrorReportValve.java:79) [tomcat-embed-core-8.5.5.jar:8.5.5]
	at org.apache.catalina.core.StandardEngineValve.invoke(StandardEngineValve.java:87) [tomcat-embed-core-8.5.5.jar:8.5.5]
	at org.apache.catalina.connector.CoyoteAdapter.service(CoyoteAdapter.java:349) [tomcat-embed-core-8.5.5.jar:8.5.5]
	at org.apache.coyote.http11.Http11Processor.service(Http11Processor.java:784) [tomcat-embed-core-8.5.5.jar:8.5.5]
	at org.apache.coyote.AbstractProcessorLight.process(AbstractProcessorLight.java:66) [tomcat-embed-core-8.5.5.jar:8.5.5]
	at org.apache.coyote.AbstractProtocol$ConnectionHandler.process(AbstractProtocol.java:802) [tomcat-embed-core-8.5.5.jar:8.5.5]
	at org.apache.tomcat.util.net.NioEndpoint$SocketProcessor.doRun(NioEndpoint.java:1410) [tomcat-embed-core-8.5.5.jar:8.5.5]
	at org.apache.tomcat.util.net.SocketProcessorBase.run(SocketProcessorBase.java:49) [tomcat-embed-core-8.5.5.jar:8.5.5]
	at java.util.concurrent.ThreadPoolExecutor.runWorker(ThreadPoolExecutor.java:1145) [na:1.7.0_80]
	at java.util.concurrent.ThreadPoolExecutor$Worker.run(ThreadPoolExecutor.java:615) [na:1.7.0_80]
	at org.apache.tomcat.util.threads.TaskThread$WrappingRunnable.run(TaskThread.java:61) [tomcat-embed-core-8.5.5.jar:8.5.5]
	at java.lang.Thread.run(Thread.java:745) [na:1.7.0_80]

2016-09-29 12:03:19.529 DEBUG 5780 --- [o-auto-1-exec-1] o.s.s.w.a.ExceptionTranslationFilter     : Calling Authentication entry point.
2016-09-29 12:03:19.562 DEBUG 5780 --- [o-auto-1-exec-1] o.s.s.w.header.writers.HstsHeaderWriter  : Not injecting HSTS header since it did not match the requestMatcher org.springframework.security.web.header.writers.HstsHeaderWriter$SecureRequestMatcher@1620e7c
2016-09-29 12:03:19.564 DEBUG 5780 --- [o-auto-1-exec-1] s.s.o.p.e.DefaultOAuth2ExceptionRenderer : Written [error="unauthorized", error_description="Full authentication is required to access this resource"] as "application/json;charset=UTF-8" using [org.springframework.http.converter.json.MappingJackson2HttpMessageConverter@62b33f08]
2016-09-29 12:03:19.564 DEBUG 5780 --- [o-auto-1-exec-1] s.s.w.c.SecurityContextPersistenceFilter : SecurityContextHolder now cleared, as request processing completed
]]></system-out>
  <system-err><![CDATA[]]></system-err>
</testsuite>
